<?xml version="1.0" encoding="UTF-8"?>
<testng-results skipped="0" failed="0" ignored="0" total="1" passed="1">
  <reporter-output>
  </reporter-output>
  <suite name="Main Test Suite" duration-ms="138242" started-at="2018-12-17T10:02:03Z" finished-at="2018-12-17T10:04:22Z">
    <groups>
    </groups>
    <test name="test" duration-ms="138242" started-at="2018-12-17T10:02:03Z" finished-at="2018-12-17T10:04:22Z">
      <class name="web.cmgprojects.demo.webtestclasses.HFT_TC_001">
        <test-method status="PASS" signature="screensTest()[pri:0, instance:web.cmgprojects.demo.webtestclasses.HFT_TC_001@3439f68d]" name="screensTest" duration-ms="138217" started-at="2018-12-17T10:02:03Z" finished-at="2018-12-17T10:04:22Z">
          <reporter-output>
          </reporter-output>
        </test-method> <!-- screensTest -->
      </class> <!-- web.cmgprojects.demo.webtestclasses.HFT_TC_001 -->
      <class name="com.fileupload.ReportUpload">
        <test-method status="PASS" signature="uploadFile()[pri:0, instance:com.fileupload.ReportUpload@17695df3]" name="uploadFile" is-config="true" duration-ms="1917" started-at="2018-12-17T10:04:22Z" finished-at="2018-12-17T10:04:24Z">
          <reporter-output>
          </reporter-output>
        </test-method> <!-- uploadFile -->
      </class> <!-- com.fileupload.ReportUpload -->
    </test> <!-- test -->
  </suite> <!-- Main Test Suite -->
</testng-results>
