-------------------------------------------------------------------------------
Test set: TestSuite
-------------------------------------------------------------------------------
Tests run: 1, Failures: 1, Errors: 0, Skipped: 0, Time elapsed: 2.488 sec <<< FAILURE! - in TestSuite
screensTest(mobile.cmgprojects.testmobile.mobiletestclasses.Ferf)  Time elapsed: 0.011 sec  <<< FAILURE!
java.lang.NullPointerException
	at mobile.cmgprojects.testmobile.mobiletestclasses.Ferf.setUP(Ferf.java:40)
	at mobile.cmgprojects.testmobile.mobiletestclasses.Ferf.screensTest(Ferf.java:64)

