<?xml version="1.0" encoding="UTF-8"?>
<!-- Generated by org.testng.reporters.JUnitXMLReporter -->
<testsuite ignored="0" hostname="DevRabbits-Mac-mini.local" failures="0" tests="3" name="Default test" time="0.159" errors="0" timestamp="18 Jul 2018 05:55:34 GMT">
  <testcase classname="mobile.mobildemo.iosdemo.mobilepageclasses.test" name="test1" time="0.01"/>
  <testcase classname="mobile.mobildemo.iosdemo.mobilepageclasses.test" name="testCase1" time="0.011"/>
  <testcase classname="mobile.mobildemo.iosdemo.mobilepageclasses.test" name="testCase2" time="0.007"/>
</testsuite> <!-- Default test -->
