<?xml version="1.0" encoding="UTF-8"?>
<!-- Generated by org.testng.reporters.JUnitXMLReporter -->
<testsuite hostname="SomaSekhar-PC" ignored="0" name="test" tests="1" failures="1" timestamp="23 Oct 2018 10:10:22 GMT" time="0.038" errors="0">
  <testcase name="screensTest" time="0.008" classname="mobile.cmgprojects.testmobile.mobiletestclasses.Ferf">
    <failure type="java.lang.NullPointerException">
      <![CDATA[java.lang.NullPointerException
at com.utilities.MobileBase.setUpAppiumDriver(MobileBase.java:155)
at com.utilities.MobileBase.launchMobileDriver(MobileBase.java:59)
at mobile.cmgprojects.testmobile.mobiletestclasses.Ferf.setUP(Ferf.java:40)
at mobile.cmgprojects.testmobile.mobiletestclasses.Ferf.screensTest(Ferf.java:64)
... Removed 28 stack frames]]>
    </failure>
  </testcase> <!-- screensTest -->
</testsuite> <!-- test -->
